# JRE version: OpenJDK Runtime Environment Zulu24.32+13-CA (24.0.2+12) (build 24.0.2+12)
# Java VM: OpenJDK 64-Bit Server VM Zulu24.32+13-CA (24.0.2+12, mixed mode, sharing, tiered, compressed oops, compressed class ptrs, g1 gc, windows-amd64)
GC Precious Log:
 CardTable entry size: 512
 Card Set container configuration: InlinePtr #cards 4 size 8 Array Of Cards #cards 16 size 48 Howl #buckets 8 coarsen threshold 3686 Howl Bitmap #cards 512 size 80 coarsen threshold 460 Card regions per heap region 1 cards per card region 4096
 CPUs: 12 total, 12 available
 Memory: 11995M
 Large Page Support: Disabled
 NUMA Support: Disabled
 Compressed Oops: Enabled (Zero based)
 Heap Region Size: 2M
 Heap Min Capacity: 8M
 Heap Initial Capacity: 188M
 Heap Max Capacity: 3000M
 Pre-touch: Disabled
 Parallel Workers: 10
 Concurrent Workers: 3
 Concurrent Refinement Workers: 10
 Periodic GC: Disabled
Heap:
 garbage-first heap   total reserved 3072000K, committed 116736K, used 63962K [0x0000000744800000, 0x0000000800000000)
  region size 2048K, 24 young (49152K), 2 survivors (4096K)
 Metaspace       used 24494K, committed 24704K, reserved 1114112K
  class space    used 2205K, committed 2304K, reserved 1048576K
GC Heap History (20 events):
Event: 41.953 GC heap before
{Heap before GC invocations=8 (full 0):
 garbage-first heap   total reserved 3072000K, committed 116736K, used 87151K [0x0000000744800000, 0x0000000800000000)
  region size 2048K, 34 young (69632K), 1 survivors (2048K)
 Metaspace       used 24281K, committed 24512K, reserved 1114112K
  class space    used 2205K, committed 2304K, reserved 1048576K
}
Event: 41.955 GC heap after
{Heap after GC invocations=9 (full 0):
 garbage-first heap   total reserved 3072000K, committed 116736K, used 23133K [0x0000000744800000, 0x0000000800000000)
  region size 2048K, 2 young (4096K), 2 survivors (4096K)
 Metaspace       used 24281K, committed 24512K, reserved 1114112K
  class space    used 2205K, committed 2304K, reserved 1048576K
}
Event: 42.303 GC heap before
{Heap before GC invocations=9 (full 0):
 garbage-first heap   total reserved 3072000K, committed 116736K, used 80477K [0x0000000744800000, 0x0000000800000000)
  region size 2048K, 31 young (63488K), 2 survivors (4096K)
 Metaspace       used 24308K, committed 24512K, reserved 1114112K
  class space    used 2205K, committed 2304K, reserved 1048576K
}
Event: 42.304 GC heap after
{Heap after GC invocations=10 (full 0):
 garbage-first heap   total reserved 3072000K, committed 116736K, used 22954K [0x0000000744800000, 0x0000000800000000)
  region size 2048K, 2 young (4096K), 2 survivors (4096K)
 Metaspace       used 24308K, committed 24512K, reserved 1114112K
  class space    used 2205K, committed 2304K, reserved 1048576K
}
Event: 42.712 GC heap before
{Heap before GC invocations=10 (full 0):
 garbage-first heap   total reserved 3072000K, committed 116736K, used 86442K [0x0000000744800000, 0x0000000800000000)
  region size 2048K, 34 young (69632K), 2 survivors (4096K)
 Metaspace       used 24325K, committed 24576K, reserved 1114112K
  class space    used 2205K, committed 2304K, reserved 1048576K
}
Event: 42.713 GC heap after
{Heap after GC invocations=11 (full 0):
 garbage-first heap   total reserved 3072000K, committed 116736K, used 23558K [0x0000000744800000, 0x0000000800000000)
  region size 2048K, 2 young (4096K), 2 survivors (4096K)
 Metaspace       used 24325K, committed 24576K, reserved 1114112K
  class space    used 2205K, committed 2304K, reserved 1048576K
}
Event: 43.114 GC heap before
{Heap before GC invocations=11 (full 0):
 garbage-first heap   total reserved 3072000K, committed 116736K, used 87046K [0x0000000744800000, 0x0000000800000000)
  region size 2048K, 34 young (69632K), 2 survivors (4096K)
 Metaspace       used 24339K, committed 24576K, reserved 1114112K
  class space    used 2205K, committed 2304K, reserved 1048576K
}
Event: 43.115 GC heap after
{Heap after GC invocations=12 (full 0):
 garbage-first heap   total reserved 3072000K, committed 116736K, used 23479K [0x0000000744800000, 0x0000000800000000)
  region size 2048K, 2 young (4096K), 2 survivors (4096K)
 Metaspace       used 24339K, committed 24576K, reserved 1114112K
  class space    used 2205K, committed 2304K, reserved 1048576K
}
Event: 43.516 GC heap before
{Heap before GC invocations=12 (full 0):
 garbage-first heap   total reserved 3072000K, committed 116736K, used 86967K [0x0000000744800000, 0x0000000800000000)
  region size 2048K, 34 young (69632K), 2 survivors (4096K)
 Metaspace       used 24358K, committed 24576K, reserved 1114112K
  class space    used 2205K, committed 2304K, reserved 1048576K
}
Event: 43.518 GC heap after
{Heap after GC invocations=13 (full 0):
 garbage-first heap   total reserved 3072000K, committed 116736K, used 23473K [0x0000000744800000, 0x0000000800000000)
  region size 2048K, 2 young (4096K), 2 survivors (4096K)
 Metaspace       used 24358K, committed 24576K, reserved 1114112K
  class space    used 2205K, committed 2304K, reserved 1048576K
}
Event: 43.871 GC heap before
{Heap before GC invocations=13 (full 0):
 garbage-first heap   total reserved 3072000K, committed 116736K, used 89009K [0x0000000744800000, 0x0000000800000000)
  region size 2048K, 34 young (69632K), 2 survivors (4096K)
 Metaspace       used 24381K, committed 24640K, reserved 1114112K
  class space    used 2205K, committed 2304K, reserved 1048576K
}
Event: 43.873 GC heap after
{Heap after GC invocations=14 (full 0):
 garbage-first heap   total reserved 3072000K, committed 116736K, used 20040K [0x0000000744800000, 0x0000000800000000)
  region size 2048K, 1 young (2048K), 1 survivors (2048K)
 Metaspace       used 24381K, committed 24640K, reserved 1114112K
  class space    used 2205K, committed 2304K, reserved 1048576K
}
Event: 44.278 GC heap before
{Heap before GC invocations=14 (full 0):
 garbage-first heap   total reserved 3072000K, committed 116736K, used 85576K [0x0000000744800000, 0x0000000800000000)
  region size 2048K, 34 young (69632K), 1 survivors (2048K)
 Metaspace       used 24412K, committed 24640K, reserved 1114112K
  class space    used 2205K, committed 2304K, reserved 1048576K
}
Event: 44.279 GC heap after
{Heap after GC invocations=15 (full 0):
 garbage-first heap   total reserved 3072000K, committed 116736K, used 23102K [0x0000000744800000, 0x0000000800000000)
  region size 2048K, 2 young (4096K), 2 survivors (4096K)
 Metaspace       used 24412K, committed 24640K, reserved 1114112K
  class space    used 2205K, committed 2304K, reserved 1048576K
}
Event: 44.674 GC heap before
{Heap before GC invocations=15 (full 0):
 garbage-first heap   total reserved 3072000K, committed 116736K, used 86590K [0x0000000744800000, 0x0000000800000000)
  region size 2048K, 34 young (69632K), 2 survivors (4096K)
 Metaspace       used 24423K, committed 24640K, reserved 1114112K
  class space    used 2205K, committed 2304K, reserved 1048576K
}
Event: 44.677 GC heap after
{Heap after GC invocations=16 (full 0):
 garbage-first heap   total reserved 3072000K, committed 116736K, used 22958K [0x0000000744800000, 0x0000000800000000)
  region size 2048K, 2 young (4096K), 2 survivors (4096K)
 Metaspace       used 24423K, committed 24640K, reserved 1114112K
  class space    used 2205K, committed 2304K, reserved 1048576K
}
Event: 45.069 GC heap before
{Heap before GC invocations=16 (full 0):
 garbage-first heap   total reserved 3072000K, committed 116736K, used 88494K [0x0000000744800000, 0x0000000800000000)
  region size 2048K, 34 young (69632K), 2 survivors (4096K)
 Metaspace       used 24444K, committed 24704K, reserved 1114112K
  class space    used 2205K, committed 2304K, reserved 1048576K
}
Event: 45.070 GC heap after
{Heap after GC invocations=17 (full 0):
 garbage-first heap   total reserved 3072000K, committed 116736K, used 23482K [0x0000000744800000, 0x0000000800000000)
  region size 2048K, 2 young (4096K), 2 survivors (4096K)
 Metaspace       used 24444K, committed 24704K, reserved 1114112K
  class space    used 2205K, committed 2304K, reserved 1048576K
}
Event: 45.463 GC heap before
{Heap before GC invocations=17 (full 0):
 garbage-first heap   total reserved 3072000K, committed 116736K, used 86970K [0x0000000744800000, 0x0000000800000000)
  region size 2048K, 34 young (69632K), 2 survivors (4096K)
 Metaspace       used 24472K, committed 24704K, reserved 1114112K
  class space    used 2205K, committed 2304K, reserved 1048576K
}
Event: 45.465 GC heap after
{Heap after GC invocations=18 (full 0):
 garbage-first heap   total reserved 3072000K, committed 116736K, used 23002K [0x0000000744800000, 0x0000000800000000)
  region size 2048K, 2 young (4096K), 2 survivors (4096K)
 Metaspace       used 24472K, committed 24704K, reserved 1114112K
  class space    used 2205K, committed 2304K, reserved 1048576K
}

